<?xml version="1.0" encoding="UTF-8"?>
<!-- Generated by org.testng.reporters.JUnitXMLReporter -->
<testsuite hostname="W0472501MSMXT" ignored="0" name="Test Failure" tests="1" failures="1" timestamp="2019-12-12T20:36:24 IST" time="0.004" errors="0">
  <testcase name="doLogin" time="0.001" classname="testcases.TestFailures">
    <failure type="java.lang.AssertionError" message="Failing test case">
      <![CDATA[java.lang.AssertionError: Failing test case
at testcases.TestFailures.doLogin(TestFailures.java:10)
at java.util.ArrayList.forEach(ArrayList.java:1257)
... Removed 28 stack frames]]>
    </failure>
  </testcase> <!-- doLogin -->
</testsuite> <!-- Test Failure -->
