<?xml version="1.0" encoding="UTF-8"?>
<!-- Generated by org.testng.reporters.JUnitXMLReporter -->
<testsuite hostname="W0472501MSMXT" ignored="0" name="Test Dependency" tests="4" failures="1" timestamp="2019-12-12T20:47:11 IST" time="0.015" errors="0">
  <testcase name="doUserReg" time="0.001" classname="testcases.TestCase_TestCaseDependency">
    <failure type="java.lang.AssertionError" message="User is not registered successfully">
      <![CDATA[java.lang.AssertionError: User is not registered successfully
at testcases.TestCase_TestCaseDependency.doUserReg(TestCase_TestCaseDependency.java:12)
at java.util.ArrayList.forEach(ArrayList.java:1257)
... Removed 28 stack frames]]>
    </failure>
  </testcase> <!-- doUserReg -->
  <testcase name="thirdTest" time="0.001" classname="testcases.TestCase_TestCaseDependency"/>
  <testcase name="doLogin" time="0.0" classname="testcases.TestCase_TestCaseDependency">
    <skipped/>
  </testcase> <!-- doLogin -->
  <testcase name="fourthTest" time="0.002" classname="testcases.TestCase_TestCaseDependency"/>
</testsuite> <!-- Test Dependency -->
