<?xml version="1.0" encoding="UTF-8"?>
<!-- Generated by org.testng.reporters.JUnitXMLReporter -->
<testsuite hostname="W0472501MSMXT" ignored="0" name="Validate Titile Name" tests="1" failures="1" timestamp="2019-12-12T23:36:03 IST" time="0.009" errors="0">
  <testcase name="validateTitle" time="0.004" classname="testcases.TestCase2">
    <failure type="java.lang.AssertionError" message="expected [Google] but found [Yahoo]">
      <![CDATA[java.lang.AssertionError: expected [Google] but found [Yahoo]
at testcases.TestCase2.validateTitle(TestCase2.java:13)
at java.util.ArrayList.forEach(ArrayList.java:1257)
... Removed 32 stack frames]]>
    </failure>
  </testcase> <!-- validateTitle -->
</testsuite> <!-- Validate Titile Name -->
