<?xml version="1.0" encoding="UTF-8"?>
<!-- Generated by org.testng.reporters.JUnitXMLReporter -->
<testsuite hostname="W0472501MSMXT" ignored="0" name="Default test" tests="3" failures="0" timestamp="2019-12-12T23:47:41 IST" time="0.044" errors="0">
  <testcase name="doLogin" time="0.006" classname="parameterization.TestParameterization"/>
  <testcase name="doLogin" time="0.001" classname="parameterization.TestParameterization"/>
  <testcase name="doLogin" time="0.001" classname="parameterization.TestParameterization"/>
</testsuite> <!-- Default test -->
