<?xml version="1.0" encoding="UTF-8"?>
<!-- Generated by org.testng.reporters.JUnitXMLReporter -->
<testsuite hostname="W0472501MSMXT" ignored="2" name="Default test" tests="2" failures="0" timestamp="2019-12-13T12:51:18 IST" time="0.043" errors="0">
  <testcase name="testUserReg1" time="0.006" classname="testcases.LoginTest"/>
  <testcase name="testUserReg1" time="0.001" classname="testcases.LoginTest"/>
  <testcase name="testLogin" time="0.0" classname="testcases.LoginTest">
    <ignored/>
  </testcase> <!-- testLogin -->
  <testcase name="testUserReg" time="0.0" classname="testcases.LoginTest">
    <ignored/>
  </testcase> <!-- testUserReg -->
</testsuite> <!-- Default test -->
