<?xml version="1.0" encoding="UTF-8"?>
<!-- Generated by org.testng.reporters.JUnitXMLReporter -->
<testsuite hostname="W0472501MSMXT" ignored="0" name="Regression Validate Title" tests="1" failures="1" timestamp="2019-12-12T16:10:28 IST" time="0.002" errors="0">
  <testcase name="validateTitle" time="0.0" classname="regressionTest.TestCase2">
    <failure type="java.lang.AssertionError" message="expected [Google] but found [Yahoo]">
      <![CDATA[java.lang.AssertionError: expected [Google] but found [Yahoo]
at regressionTest.TestCase2.validateTitle(TestCase2.java:13)
at java.util.ArrayList.forEach(ArrayList.java:1257)
... Removed 33 stack frames]]>
    </failure>
  </testcase> <!-- validateTitle -->
</testsuite> <!-- Regression Validate Title -->
