<?xml version="1.0" encoding="UTF-8" ?>
<testsuite tests="13" failures="5" name="TestSuite" time="0.011" errors="0" skipped="2">
  <properties>
[...]
</properties>
  <testcase classname="regressionTest.TestCase1" name="doUserReg" time="0.002"/>
  <testcase classname="testcases.TestCase1" name="doUserReg" time="0"/>
  <testcase classname="regressionTest.TestCase1" name="doLogin" time="0"/>
  <testcase classname="regressionTest.TestCase2" name="validateTitle" time="0.004">
    <failure message="expected [Google] but found [Yahoo]" type="java.lang.AssertionError">java.lang.AssertionError: expected [Google] but found [Yahoo]
	at org.testng.Assert.fail(Assert.java:97)
	at org.testng.Assert.assertEqualsImpl(Assert.java:136)
	at org.testng.Assert.assertEquals(Assert.java:118)
	at org.testng.Assert.assertEquals(Assert.java:575)
	at org.testng.Assert.assertEquals(Assert.java:585)
	at regressionTest.TestCase2.validateTitle(TestCase2.java:13)
</failure>
    <system-out>Closing Browser
</system-out>
  </testcase>
  <testcase classname="testcases.TestCase1" name="doLogin" time="0"/>
  <testcase classname="testcases.TestCase2" name="validateTitle" time="0">
    <failure message="expected [Google] but found [Yahoo]" type="java.lang.AssertionError">java.lang.AssertionError: expected [Google] but found [Yahoo]
	at org.testng.Assert.fail(Assert.java:97)
	at org.testng.Assert.assertEqualsImpl(Assert.java:136)
	at org.testng.Assert.assertEquals(Assert.java:118)
	at org.testng.Assert.assertEquals(Assert.java:575)
	at org.testng.Assert.assertEquals(Assert.java:585)
	at testcases.TestCase2.validateTitle(TestCase2.java:13)
</failure>
    <system-out>Closing Browser
</system-out>
  </testcase>
  <testcase classname="testcases.TestCase_SoftAssertion" name="validateTitle" time="0.003">
    <failure message="The following asserts failed:
	Title is not matching:  expected [Google] but found [Yahoo],
	Codition is not matching:  expected [false] but found [true],
	Test1 is getting failed:  expected [false] but found [true]" type="java.lang.AssertionError">java.lang.AssertionError: The following asserts failed:
	Title is not matching:  expected [Google] but found [Yahoo],
	Codition is not matching:  expected [false] but found [true],
	Test1 is getting failed:  expected [false] but found [true]
	at org.testng.asserts.SoftAssert.assertAll(SoftAssert.java:47)
	at org.testng.asserts.SoftAssert.assertAll(SoftAssert.java:31)
	at testcases.TestCase_SoftAssertion.validateTitle(TestCase_SoftAssertion.java:49)
</failure>
    <system-out>Biggining ...
Validating Title
Validating Conditions
Validating Test1
Ending...
</system-out>
  </testcase>
  <testcase classname="testcases.TestCase_TestCaseDependency" name="doUserReg" time="0.001">
    <failure message="User is not registered successfully" type="java.lang.AssertionError">java.lang.AssertionError: User is not registered successfully
	at org.testng.Assert.fail(Assert.java:97)
	at testcases.TestCase_TestCaseDependency.doUserReg(TestCase_TestCaseDependency.java:12)
</failure>
    <system-out>User registration
</system-out>
  </testcase>
  <testcase classname="testcases.TestCase_TestCaseDependency" name="thirdTest" time="0"/>
  <testcase classname="testcases.TestCase_TestCaseDependency" name="doLogin" time="0">
    <skipped/>
  </testcase>
  <testcase classname="testcases.TestCase_TestCaseDependency" name="fourthTest" time="0"/>
  <testcase classname="testcases.TestFailures" name="doLogin" time="0.001">
    <failure message="Failing test case" type="java.lang.AssertionError">java.lang.AssertionError: Failing test case
	at org.testng.Assert.fail(Assert.java:97)
	at testcases.TestFailures.doLogin(TestFailures.java:10)
</failure>
  </testcase>
  <testcase classname="testcases.TestSkip" name="skipTest" time="0">
    <skipped/>
  </testcase>
</testsuite>