<?xml version="1.0" encoding="UTF-8"?>
<testng-results skipped="0" failed="0" ignored="0" total="2" passed="2">
  <reporter-output>
  </reporter-output>
  <suite name="Default suite" duration-ms="18318" started-at="2019-12-13T12:14:04 IST" finished-at="2019-12-13T12:14:22 IST">
    <groups>
    </groups>
    <test name="Default test" duration-ms="18318" started-at="2019-12-13T12:14:04 IST" finished-at="2019-12-13T12:14:22 IST">
      <class name="testcases.TestNGParamaterizationExcel">
        <test-method status="PASS" signature="testData(java.util.Hashtable)[pri:0, instance:testcases.TestNGParamaterizationExcel@2a65fe7c]" name="testData" duration-ms="8" started-at="2019-12-13T12:14:22 IST" data-provider="getData" finished-at="2019-12-13T12:14:22 IST">
          <params>
            <param index="0">
              <value>
                <![CDATA[{age=22.0, password=kk, gender=M, is_correct=Y, username=Manish}]]>
              </value>
            </param>
          </params>
          <reporter-output>
          </reporter-output>
        </test-method> <!-- testData -->
        <test-method status="PASS" signature="testData(java.util.Hashtable)[pri:0, instance:testcases.TestNGParamaterizationExcel@2a65fe7c]" name="testData" duration-ms="1" started-at="2019-12-13T12:14:22 IST" data-provider="getData" finished-at="2019-12-13T12:14:22 IST">
          <params>
            <param index="0">
              <value>
                <![CDATA[{age=23.0, password=PP, gender=F, is_correct=N, username=TTT}]]>
              </value>
            </param>
          </params>
          <reporter-output>
          </reporter-output>
        </test-method> <!-- testData -->
      </class> <!-- testcases.TestNGParamaterizationExcel -->
    </test> <!-- Default test -->
  </suite> <!-- Default suite -->
</testng-results>
