<?xml version="1.0" encoding="UTF-8"?>
<testng-results skipped="0" failed="0" ignored="0" total="2" passed="2">
  <reporter-output>
  </reporter-output>
  <suite name="Parallel Suite" duration-ms="1059" started-at="2019-12-13T13:23:03 IST" finished-at="2019-12-13T13:23:04 IST">
    <groups>
    </groups>
    <test name="Chrome Test" duration-ms="1059" started-at="2019-12-13T13:23:03 IST" finished-at="2019-12-13T13:23:04 IST">
      <class name="ParallelTest.TestBrowser">
        <test-method status="PASS" signature="doLogin(java.lang.String)[pri:0, instance:ParallelTest.TestBrowser@57855c9a]" name="doLogin" duration-ms="1022" started-at="2019-12-13T13:23:03 IST" finished-at="2019-12-13T13:23:04 IST">
          <params>
            <param index="0">
              <value>
                <![CDATA[Chrome]]>
              </value>
            </param>
          </params>
          <reporter-output>
          </reporter-output>
        </test-method> <!-- doLogin -->
      </class> <!-- ParallelTest.TestBrowser -->
    </test> <!-- Chrome Test -->
    <test name="Firefox Test" duration-ms="1059" started-at="2019-12-13T13:23:03 IST" finished-at="2019-12-13T13:23:04 IST">
      <class name="ParallelTest.TestBrowser">
        <test-method status="PASS" signature="doLogin(java.lang.String)[pri:0, instance:ParallelTest.TestBrowser@6325a3ee]" name="doLogin" duration-ms="1022" started-at="2019-12-13T13:23:03 IST" finished-at="2019-12-13T13:23:04 IST">
          <params>
            <param index="0">
              <value>
                <![CDATA[firefox]]>
              </value>
            </param>
          </params>
          <reporter-output>
          </reporter-output>
        </test-method> <!-- doLogin -->
      </class> <!-- ParallelTest.TestBrowser -->
    </test> <!-- Firefox Test -->
  </suite> <!-- Parallel Suite -->
</testng-results>
